<?xml version="1.0" encoding="UTF-8"?>
<testng-results ignored="0" total="1" passed="1" failed="0" skipped="0">
  <reporter-output>
  </reporter-output>
  <suite started-at="2024-08-08T20:01:36 IST" name="Default suite" finished-at="2024-08-08T20:01:46 IST" duration-ms="9194">
    <groups>
    </groups>
    <test started-at="2024-08-08T20:01:36 IST" name="Default test" finished-at="2024-08-08T20:01:46 IST" duration-ms="9194">
      <class name="TestBase.Base">
        <test-method signature="setUp()[pri:0, instance:TestBase.Base@31c88ec8]" started-at="2024-08-08T20:01:37 IST" name="setUp" finished-at="2024-08-08T20:01:46 IST" duration-ms="9130" status="PASS">
          <reporter-output>
          </reporter-output>
        </test-method> <!-- setUp -->
      </class> <!-- TestBase.Base -->
    </test> <!-- Default test -->
  </suite> <!-- Default suite -->
</testng-results>
